Activating boltz venv...
boltz venv activated.
Loading modules...

Currently Loaded Modules:
  1) CCconfig                 13) StdEnv/2023       (S)
  2) gentoo/2023      (S)     14) mii/1.1.2
  3) gcccore/.12.3    (H)     15) python/3.11.5     (t)
  4) gcc/12.3         (t)     16) ipykernel/2025a
  5) hwloc/2.9.1              17) scipy-stack/2025a (math)
  6) ucx/1.14.1               18) rdkit/2024.09.6   (chem)
  7) libfabric/1.18.0         19) cudacore/.12.9.1  (H,t)
  8) pmix/4.2.4               20) gdrcopy/2.3.1
  9) ucc/1.2.0                21) ucx-cuda/1.14.1
 10) openmpi/4.1.5    (m)     22) nccl/2.27.7       (t)
 11) flexiblas/3.3.1          23) ucc-cuda/1.2.0
 12) imkl/2023.2.0    (math)  24) cuda/12.9         (t)

  Where:
   H:     Hidden Module
   S:     Module is Sticky, requires --force to unload or purge
   chem:  Chemistry libraries/apps / Logiciels de chimie
   m:     MPI implementations / Implémentations MPI
   math:  Mathematical libraries / Bibliothèques mathématiques
   t:     Tools for development / Outils de développement

 

Modules loaded.
Running structure prediction...
/project/6002707/Serag/envs/boltz/lib/python3.11/site-packages/torch/cuda/__init__.py:61: FutureWarning: The pynvml package is deprecated. Please install nvidia-ml-py instead. If you did not install pynvml directly, please report this to the maintainers of the package that installed pynvml for you.
  import pynvml  # type: ignore[import]
MSA server enabled: https://api.colabfold.com
MSA server authentication: no credentials provided
Checking input data.
Processing 15 inputs with 15 threads.
WARNING: the ligand used for affinity calculation is larger than 56 heavy-atoms, which was the maximum during training, therefore the affinity output might be inaccurate.
Generating MSA for template-testing/P16304-1.yaml with 1 protein entities.
Calling MSA server for target P16304-1 with 1 sequences
MSA server URL: https://api.colabfold.com
MSA pairing strategy: greedy
No authentication provided for MSA server
Generating MSA for template-testing/P0DP23-1.yaml with 1 protein entities.
Calling MSA server for target P0DP23-1 with 1 sequences
MSA server URL: https://api.colabfold.com
MSA pairing strategy: greedy
No authentication provided for MSA server
Generating MSA for template-testing/P0DP23-3.yaml with 1 protein entities.
Generating MSA for template-testing/P0DP23-2.yaml with 1 protein entities.
Calling MSA server for target P0DP23-2 with 1 sequences
MSA server URL: https://api.colabfold.com
MSA pairing strategy: greedy
No authentication provided for MSA server
Calling MSA server for target P0DP23-3 with 1 sequences
MSA server URL: https://api.colabfold.com
MSA pairing strategy: greedy
No authentication provided for MSA server
WARNING: the ligand used for affinity calculation is larger than 56 heavy-atoms, which was the maximum during training, therefore the affinity output might be inaccurate.
Generating MSA for template-testing/P16304-2.yaml with 1 protein entities.
Calling MSA server for target P16304-2 with 1 sequences
MSA server URL: https://api.colabfold.com
MSA pairing strategy: greedy
No authentication provided for MSA server
Generating MSA for template-testing/P00509-2.yaml with 1 protein entities.
Calling MSA server for target P00509-2 with 1 sequences
MSA server URL: https://api.colabfold.com
MSA pairing strategy: greedy
No authentication provided for MSA server
Generating MSA for template-testing/P00509-3.yaml with 1 protein entities.
Calling MSA server for target P00509-3 with 1 sequences
MSA server URL: https://api.colabfold.com
MSA pairing strategy: greedy
No authentication provided for MSA server
Generating MSA for template-testing/P00509-1.yaml with 1 protein entities.
Calling MSA server for target P00509-1 with 1 sequences
MSA server URL: https://api.colabfold.com
MSA pairing strategy: greedy
No authentication provided for MSA server
WARNING: the ligand used for affinity calculation is larger than 56 heavy-atoms, which was the maximum during training, therefore the affinity output might be inaccurate.
Generating MSA for template-testing/P16304-3.yaml with 1 protein entities.
Calling MSA server for target P16304-3 with 1 sequences
MSA server URL: https://api.colabfold.com
MSA pairing strategy: greedy
No authentication provided for MSA server
  0%|          | 0/15 [00:00<?, ?it/s]  0%|          | 0/150 [elapsed: 00:00 remaining: ?]SUBMIT:   0%|          | 0/150 [elapsed: 00:00 remaining: ?]  0%|          | 0/150 [elapsed: 00:00 remaining: ?]SUBMIT:   0%|          | 0/150 [elapsed: 00:00 remaining: ?]  0%|          | 0/150 [elapsed: 00:00 remaining: ?]SUBMIT:   0%|          | 0/150 [elapsed: 00:00 remaining: ?]  0%|          | 0/150 [elapsed: 00:00 remaining: ?]SUBMIT:   0%|          | 0/150 [elapsed: 00:00 remaining: ?]  0%|          | 0/150 [elapsed: 00:00 remaining: ?]SUBMIT:   0%|          | 0/150 [elapsed: 00:00 remaining: ?]  0%|          | 0/150 [elapsed: 00:00 remaining: ?]  0%|          | 0/150 [elapsed: 00:00 remaining: ?]SUBMIT:   0%|          | 0/150 [elapsed: 00:00 remaining: ?]SUBMIT:   0%|          | 0/150 [elapsed: 00:00 remaining: ?]  0%|          | 0/150 [elapsed: 00:00 remaining: ?]SUBMIT:   0%|          | 0/150 [elapsed: 00:00 remaining: ?]  0%|          | 0/150 [elapsed: 00:00 remaining: ?]SUBMIT:   0%|      Generating MSA for template-testing/P9WN39-1.yaml with 1 protein entities.
Calling MSA server for target P9WN39-1 with 1 sequences
MSA server URL: https://api.colabfold.com
MSA pairing strategy: greedy
No authentication provided for MSA server
Generating MSA for template-testing/P31224-1.yaml with 1 protein entities.
Calling MSA server for target P31224-1 with 1 sequences
MSA server URL: https://api.colabfold.com
MSA pairing strategy: greedy
No authentication provided for MSA server
Generating MSA for template-testing/P31224-2.yaml with 1 protein entities.
Calling MSA server for target P31224-2 with 1 sequences
MSA server URL: https://api.colabfold.com
MSA pairing strategy: greedy
No authentication provided for MSA server
Generating MSA for template-testing/P31224-3.yaml with 1 protein entities.
Calling MSA server for target P31224-3 with 1 sequences
MSA server URL: https://api.colabfold.com
MSA pairing strategy: greedy
No authentication provided for MSA server
    | 0/150 [elapsed: 00:00 remaining: ?]  0%|          | 0/150 [elapsed: 00:00 remaining: ?]SUBMIT:   0%|          | 0/150 [elapsed: 00:00 remaining: ?]  0%|          | 0/150 [elapsed: 00:00 remaining: ?]SUBMIT:   0%|          | 0/150 [elapsed: 00:00 remaining: ?]  0%|          | 0/150 [elapsed: 00:00 remaining: ?]SUBMIT:   0%|          | 0/150 [elapsed: 00:00 remaining: ?]  0%|          | 0/150 [elapsed: 00:00 remaining: ?]SUBMIT:   0%|          | 0/150 [elapsed: 00:00 remaining: ?]COMPLETE:   0%|          | 0/150 [elapsed: 00:00 remaining: ?]COMPLETE: 100%|██████████| 150/150 [elapsed: 00:00 remaining: 00:00]Sleeping for 5s. Reason: RATELIMIT
Sleeping for 8s. Reason: RATELIMIT
Sleeping for 6s. Reason: RATELIMIT
Sleeping for 8s. Reason: RATELIMIT
Sleeping for 6s. Reason: RATELIMIT
COMPLETE:   0%|          | 0/150 [elapsed: 00:01 remaining: ?]COMPLETE: 100%|██████████| 150/150 [elapsed: 00:01 remaining: 00:00]Sleeping for 6s. Reason: RATELIMIT
COMPLETE:   0%|          | 0/150 [elapsed: 00:01 remaining: ?]COMPLETE: 100%|██████████| 150/150 [elapsed: 00:01 remaining: 00:00]COMPLETE:   0%|          | 0/150 [elapsed: 00:02 remaining: ?]COMPLETE: 100%|██████████| 150/150 [elapsed: 00:02 remaining: 00:00]COMPLETE:   0%|          | 0/150 [elapsed: 00:02 remaining: ?]COMPLETE: 100%|██████████| 150/150 [elapsed: 00:02 remaining: 00:00]COMPLETE: 100%|██████████| 150/150 [elapsed: 00:03 remaining: 00:00]
COMPLETE:   0%|          | 0/150 [elapsed: 00:03 remaining: ?]COMPLETE: 100%|██████████| 150/150 [elapsed: 00:03 remaining: 00:00]Traceback (most recent call last):
Traceback (most recent call last):
  File "/project/6002707/Serag/envs/boltz/lib/python3.11/site-packages/boltz/main.py", line 551, in process_input
    target = parse_yaml(path, ccd, mol_dir, boltz2)
             ^^^^^^^^^^^^^^^^^^^^^^^^^^^^^^^^^^^^^^
  File "/project/6002707/Serag/envs/boltz/lib/python3.11/site-packages/boltz/main.py", line 551, in process_input
    target = parse_yaml(path, ccd, mol_dir, boltz2)
             ^^^^^^^^^^^^^^^^^^^^^^^^^^^^^^^^^^^^^^
  File "/project/6002707/Serag/envs/boltz/lib/python3.11/site-packages/boltz/data/parse/yaml.py", line 68, in parse_yaml
    return parse_boltz_schema(name, data, ccd, mol_dir, boltz2)
           ^^^^^^^^^^^^^^^^^^^^^^^^^^^^^^^^^^^^^^^^^^^^^^^^^^^^
  File "/project/6002707/Serag/envs/boltz/lib/python3.11/site-packages/boltz/data/parse/yaml.py", line 68, in parse_yaml
    return parse_boltz_schema(name, data, ccd, mol_dir, boltz2)
           ^^^^^^^^^^^^^^^^^^^^^^^^^^^^^^^^^^^^^^^^^^^^^^^^^^^^
  File "/project/6002707/Serag/envs/boltz/lib/python3.11/site-packages/boltz/data/parse/schema.py", line 1662, in parse_boltz_schema
    parsed_template = parse_pdb(
                      ^^^^^^^^^^
  File "/project/6002707/Serag/envs/boltz/lib/python3.11/site-packages/boltz/data/parse/schema.py", line 1662, in parse_boltz_schema
    parsed_template = parse_pdb(
                      ^^^^^^^^^^
  File "/project/6002707/Serag/envs/boltz/lib/python3.11/site-packages/boltz/data/parse/pdb.py", line 33, in parse_pdb
    return parse_mmcif(
           ^^^^^^^^^^^^
  File "/project/6002707/Serag/envs/boltz/lib/python3.11/site-packages/boltz/data/parse/pdb.py", line 33, in parse_pdb
    return parse_mmcif(
           ^^^^^^^^^^^^
  File "/project/6002707/Serag/envs/boltz/lib/python3.11/site-packages/boltz/data/parse/mmcif.py", line 966, in parse_mmcif
    entity: gemmi.Entity = entities[subchain_id]
                           ~~~~~~~~^^^^^^^^^^^^^
  File "/project/6002707/Serag/envs/boltz/lib/python3.11/site-packages/boltz/data/parse/mmcif.py", line 966, in parse_mmcif
    entity: gemmi.Entity = entities[subchain_id]
                           ~~~~~~~~^^^^^^^^^^^^^
KeyError: 'Axp'
KeyError: 'Axp'
COMPLETE:   0%|          | 0/150 [elapsed: 00:03 remaining: ?]COMPLETE: 100%|██████████| 150/150 [elapsed: 00:03 remaining: 00:00]COMPLETE: 100%|██████████| 150/150 [elapsed: 00:03 remaining: 00:00]
COMPLETE: 100%|██████████| 150/150 [elapsed: 00:03 remaining: 00:00]
COMPLETE: 100%|██████████| 150/150 [elapsed: 00:04 remaining: 00:00]
COMPLETE: 100%|██████████| 150/150 [elapsed: 00:05 remaining: 00:00]
COMPLETE: 100%|██████████| 150/150 [elapsed: 00:06 remaining: 00:00]
COMPLETE:   0%|          | 0/150 [elapsed: 00:06 remaining: ?]COMPLETE: 100%|██████████| 150/150 [elapsed: 00:06 remaining: 00:00]COMPLETE:   0%|          | 0/150 [elapsed: 00:07 remaining: ?]COMPLETE: 100%|██████████| 150/150 [elapsed: 00:07 remaining: 00:00]COMPLETE: 100%|██████████| 150/150 [elapsed: 00:06 remaining: 00:00]
COMPLETE:   0%|          | 0/150 [elapsed: 00:07 remaining: ?]COMPLETE: 100%|██████████| 150/150 [elapsed: 00:07 remaining: 00:00]COMPLETE:   0%|          | 0/150 [elapsed: 00:07 remaining: ?]COMPLETE: 100%|██████████| 150/150 [elapsed: 00:07 remaining: 00:00]COMPLETE:   0%|          | 0/150 [elapsed: 00:09 remaining: ?]COMPLETE: 100%|██████████| 150/150 [elapsed: 00:09 remaining: 00:00]COMPLETE: 100%|██████████| 150/150 [elapsed: 00:09 remaining: 00:00]
COMPLETE:   0%|          | 0/150 [elapsed: 00:09 remaining: ?]COMPLETE: 100%|██████████| 150/150 [elapsed: 00:09 remaining: 00:00]COMPLETE: 100%|██████████| 150/150 [elapsed: 00:10 remaining: 00:00]
COMPLETE: 100%|██████████| 150/150 [elapsed: 00:10 remaining: 00:00]
COMPLETE: 100%|██████████| 150/150 [elapsed: 00:10 remaining: 00:00]
COMPLETE: 100%|██████████| 150/150 [elapsed: 00:12 remaining: 00:00]
COMPLETE: 100%|██████████| 150/150 [elapsed: 00:12 remaining: 00:00]
  7%|▋         | 1/15 [00:13<03:09, 13.53s/it] 80%|████████  | 12/15 [00:13<00:02,  1.19it/s]100%|██████████| 15/15 [00:13<00:00,  1.08it/s]
Failed to process template-testing/P9WN39-2.yaml. Skipping. Error: 'Axp'.
Failed to process template-testing/P9WN39-3.yaml. Skipping. Error: 'Axp'.
Using bfloat16 Automatic Mixed Precision (AMP)
GPU available: True (cuda), used: True
TPU available: False, using: 0 TPU cores
HPU available: False, using: 0 HPUs
/project/6002707/Serag/envs/boltz/lib/python3.11/site-packages/pytorch_lightning/trainer/connectors/logger_connector/logger_connector.py:76: Starting from v1.9.0, `tensorboardX` has been removed as a dependency of the `pytorch_lightning` package, due to potential conflicts with other packages in the ML ecosystem. For this reason, `logger=True` will use `CSVLogger` as the default logger, unless the `tensorboard` or `tensorboardX` packages are found. Please `pip install lightning[extra]` or one of them to enable TensorBoard support by default
Running structure prediction for 13 inputs.
/project/6002707/Serag/envs/boltz/lib/python3.11/site-packages/pytorch_lightning/utilities/migration/utils.py:56: The loaded checkpoint was produced with Lightning v2.5.0.post0, which is newer than your current Lightning version: v2.5.0
You are using a CUDA device ('NVIDIA H100 80GB HBM3 MIG 3g.40gb') that has Tensor Cores. To properly utilize them, you should set `torch.set_float32_matmul_precision('medium' | 'high')` which will trade-off precision for performance. For more details, read https://pytorch.org/docs/stable/generated/torch.set_float32_matmul_precision.html#torch.set_float32_matmul_precision
LOCAL_RANK: 0 - CUDA_VISIBLE_DEVICES: [MIG-4e5cfbd7-214c-54b6-a615-abf712d1235b]
SLURM auto-requeueing enabled. Setting signal handlers.
Predicting: |          | 0/? [00:00<?, ?it/s]Predicting:   0%|          | 0/13 [00:00<?, ?it/s]Predicting DataLoader 0:   0%|          | 0/13 [00:00<?, ?it/s]Predicting DataLoader 0:   8%|▊         | 1/13 [00:17<03:29,  0.06it/s]Predicting DataLoader 0:  15%|█▌        | 2/13 [00:31<02:50,  0.06it/s]Predicting DataLoader 0:  23%|██▎       | 3/13 [00:48<02:40,  0.06it/s]Predicting DataLoader 0:  31%|███       | 4/13 [00:53<02:00,  0.07it/s]Predicting DataLoader 0:  38%|███▊      | 5/13 [00:59<01:34,  0.08it/s]Predicting DataLoader 0:  46%|████▌     | 6/13 [01:08<01:19,  0.09it/s]Predicting DataLoader 0:  54%|█████▍    | 7/13 [01:16<01:05,  0.09it/s]Predicting DataLoader 0:  62%|██████▏   | 8/13 [01:24<00:52,  0.09it/s]Predicting DataLoader 0:  69%|██████▉   | 9/13 [01:35<00:42,  0.09it/s]Predicting DataLoader 0:  77%|███████▋  | 10/13 [02:40<00:48,  0.06it/s]Predicting DataLoader 0:  85%|████████▍ | 11/13 [03:45<00:41,  0.05it/s]Predicting DataLoader 0:  92%|█████████▏| 12/13 [04:54<00:24,  0.04it/s]Predicting DataLoader 0: 100%|██████████| 13/13 [05:13<00:00,  0.04it/s]Number of failed examples: 0
Predicting DataLoader 0: 100%|██████████| 13/13 [05:13<00:00,  0.04it/s]

Predicting property: affinity

Checking input data for affinity.
Running affinity prediction for 13 inputs.
/project/6002707/Serag/envs/boltz/lib/python3.11/site-packages/pytorch_lightning/utilities/migration/utils.py:56: The loaded checkpoint was produced with Lightning v2.5.0.post0, which is newer than your current Lightning version: v2.5.0
LOCAL_RANK: 0 - CUDA_VISIBLE_DEVICES: [MIG-4e5cfbd7-214c-54b6-a615-abf712d1235b]
SLURM auto-requeueing enabled. Setting signal handlers.
Predicting: |          | 0/? [00:00<?, ?it/s]Predicting:   0%|          | 0/13 [00:00<?, ?it/s]Predicting DataLoader 0:   0%|          | 0/13 [00:00<?, ?it/s]Predicting DataLoader 0:   8%|▊         | 1/13 [00:16<03:17,  0.06it/s]Predicting DataLoader 0:  15%|█▌        | 2/13 [00:32<03:00,  0.06it/s]Predicting DataLoader 0:  23%|██▎       | 3/13 [00:49<02:43,  0.06it/s]Predicting DataLoader 0:  31%|███       | 4/13 [01:01<02:18,  0.06it/s]Predicting DataLoader 0:  38%|███▊      | 5/13 [01:14<01:59,  0.07it/s]Predicting DataLoader 0:  46%|████▌     | 6/13 [01:27<01:41,  0.07it/s]Predicting DataLoader 0:  54%|█████▍    | 7/13 [01:45<01:30,  0.07it/s]Predicting DataLoader 0:  62%|██████▏   | 8/13 [02:04<01:17,  0.06it/s]Predicting DataLoader 0:  69%|██████▉   | 9/13 [02:22<01:03,  0.06it/s]Predicting DataLoader 0:  77%|███████▋  | 10/13 [02:39<00:47,  0.06it/s]Predicting DataLoader 0:  85%|████████▍ | 11/13 [02:55<00:31,  0.06it/s]Predicting DataLoader 0:  92%|█████████▏| 12/13 [03:12<00:16,  0.06it/s]Predicting DataLoader 0: 100%|██████████| 13/13 [03:29<00:00,  0.06it/s]Number of failed examples: 0
Predicting DataLoader 0: 100%|██████████| 13/13 [03:29<00:00,  0.06it/s]
Structure prediction complete.
